[0206/132202.289:INFO:CONSOLE(0)] "Error with Permissions-Policy header: Feature xr-spatial-tracking's parameters are ignored.", source:  (0)
[0206/132202.289:INFO:CONSOLE(0)] "Error with Permissions-Policy header: Origin trial controlled feature not enabled: 'attribution-reporting'.", source:  (0)
[0206/132202.289:INFO:CONSOLE(0)] "Error with Permissions-Policy header: Unrecognized feature: 'compute-pressure'.", source:  (0)
[0206/132202.289:INFO:CONSOLE(0)] "Error with Permissions-Policy header: Origin trial controlled feature not enabled: 'interest-cohort'.", source:  (0)
[0206/132202.289:INFO:CONSOLE(0)] "Error with Permissions-Policy header: Unrecognized feature: 'private-state-token-issuance'.", source:  (0)
[0206/132202.293:INFO:CONSOLE(0)] "Error with Permissions-Policy header: Origin trial controlled feature not enabled: 'shared-storage'.", source:  (0)
[0206/132202.293:INFO:CONSOLE(0)] "Error with Permissions-Policy header: Unrecognized feature: 'shared-storage-select-url'.", source:  (0)
[0206/132202.293:INFO:CONSOLE(0)] "Error with Permissions-Policy header: Unrecognized feature: 'private-state-token-redemption'.", source:  (0)
[0206/132202.293:INFO:CONSOLE(0)] "Error with Permissions-Policy header: Unrecognized feature: 'unload'.", source:  (0)
[0206/132202.293:INFO:CONSOLE(0)] "Error with Permissions-Policy header: Unrecognized feature: 'window-management'.", source:  (0)
[0206/132202.309:ERROR:interface_endpoint_client.cc(690)] Message 0 rejected by interface blink.mojom.WidgetHost
[0206/132205.688:INFO:CONSOLE(157)] "Event handler of 'x-storagemutated-1' event must be added on the initial evaluation of worker script.", source: https://static.whatsapp.net/rsrc.php/v4/yA/r/S_1R0An0X6U.js (157)
[0206/132238.624:INFO:CONSOLE(157)] "Event handler of 'x-storagemutated-1' event must be added on the initial evaluation of worker script.", source: https://static.whatsapp.net/rsrc.php/v4/yA/r/S_1R0An0X6U.js (157)
[0206/132741.428:INFO:CONSOLE(157)] "Event handler of 'x-storagemutated-1' event must be added on the initial evaluation of worker script.", source: https://static.whatsapp.net/rsrc.php/v4/yA/r/S_1R0An0X6U.js (157)
[0206/132744.843:INFO:CONSOLE(1243)] "Failed to parse video contentType: video/mp4; codecs=avc1.42000a", source: https://static.whatsapp.net/rsrc.php/v4iRJX4/yq/l/rt/2YregMIo4k6.js (1243)
[0206/132744.843:INFO:CONSOLE(1243)] "Failed to parse video contentType: video/mp4; codecs=hev1.1.6.L93.B0", source: https://static.whatsapp.net/rsrc.php/v4iRJX4/yq/l/rt/2YregMIo4k6.js (1243)
[0206/133249.776:INFO:CONSOLE(157)] "Event handler of 'x-storagemutated-1' event must be added on the initial evaluation of worker script.", source: https://static.whatsapp.net/rsrc.php/v4/yA/r/S_1R0An0X6U.js (157)
[0206/135056.509:ERROR:dns_config_service.cc(273)] DNS config watch failed.
[0206/152623.781:INFO:CONSOLE(157)] "Event handler of 'x-storagemutated-1' event must be added on the initial evaluation of worker script.", source: https://static.whatsapp.net/rsrc.php/v4/yA/r/S_1R0An0X6U.js (157)
[0206/152625.231:WARNING:dns_config_service_win.cc(584)] Failed to read DnsConfig.
[0206/152625.610:WARNING:dns_config_service_win.cc(584)] Failed to read DnsConfig.
[0206/152625.807:WARNING:dns_config_service_win.cc(584)] Failed to read DnsConfig.
[0206/152635.112:WARNING:dns_config_service_win.cc(584)] Failed to read DnsConfig.
[0206/152635.377:WARNING:dns_config_service_win.cc(584)] Failed to read DnsConfig.
[0206/152635.506:WARNING:dns_config_service_win.cc(584)] Failed to read DnsConfig.
[0206/152635.567:WARNING:dns_config_service_win.cc(584)] Failed to read DnsConfig.
[0206/152635.723:WARNING:dns_config_service_win.cc(584)] Failed to read DnsConfig.
[0206/152635.865:WARNING:dns_config_service_win.cc(584)] Failed to read DnsConfig.
[0206/152636.174:WARNING:dns_config_service_win.cc(584)] Failed to read DnsConfig.
[0206/152636.287:WARNING:dns_config_service_win.cc(584)] Failed to read DnsConfig.
[0206/152636.446:WARNING:dns_config_service_win.cc(584)] Failed to read DnsConfig.
[0206/152636.663:WARNING:dns_config_service_win.cc(584)] Failed to read DnsConfig.
[0206/164958.594:INFO:CONSOLE(157)] "Event handler of 'x-storagemutated-1' event must be added on the initial evaluation of worker script.", source: https://static.whatsapp.net/rsrc.php/v4/yA/r/S_1R0An0X6U.js (157)
