[0206/132306.207:INFO:CONSOLE(0)] "Error with Permissions-Policy header: Feature xr-spatial-tracking's parameters are ignored.", source:  (0)
[0206/132306.207:INFO:CONSOLE(0)] "Error with Permissions-Policy header: Origin trial controlled feature not enabled: 'attribution-reporting'.", source:  (0)
[0206/132306.208:INFO:CONSOLE(0)] "Error with Permissions-Policy header: Unrecognized feature: 'compute-pressure'.", source:  (0)
[0206/132306.209:INFO:CONSOLE(0)] "Error with Permissions-Policy header: Origin trial controlled feature not enabled: 'interest-cohort'.", source:  (0)
[0206/132306.209:INFO:CONSOLE(0)] "Error with Permissions-Policy header: Unrecognized feature: 'private-state-token-issuance'.", source:  (0)
[0206/132306.210:INFO:CONSOLE(0)] "Error with Permissions-Policy header: Origin trial controlled feature not enabled: 'shared-storage'.", source:  (0)
[0206/132306.210:INFO:CONSOLE(0)] "Error with Permissions-Policy header: Unrecognized feature: 'shared-storage-select-url'.", source:  (0)
[0206/132306.210:INFO:CONSOLE(0)] "Error with Permissions-Policy header: Unrecognized feature: 'private-state-token-redemption'.", source:  (0)
[0206/132306.210:INFO:CONSOLE(0)] "Error with Permissions-Policy header: Unrecognized feature: 'unload'.", source:  (0)
[0206/132306.210:INFO:CONSOLE(0)] "Error with Permissions-Policy header: Unrecognized feature: 'window-management'.", source:  (0)
[0206/132310.108:INFO:CONSOLE(157)] "Event handler of 'x-storagemutated-1' event must be added on the initial evaluation of worker script.", source: https://static.whatsapp.net/rsrc.php/v4/yA/r/S_1R0An0X6U.js (157)
[0206/132341.360:INFO:CONSOLE(99)] "[Report Only] Refused to compile or instantiate WebAssembly module because 'unsafe-eval' is not an allowed source of script in the following Content Security Policy directive: "script-src data: blob: 'self' 'nonce-V3kKJgZ3' 'report-sample' https://static.whatsapp.net https://*.youtube.com https://maps.googleapis.com https://maps.gstatic.com https://lens.google.com/upload https://*.google-analytics.com".
", source: https://static.whatsapp.net/rsrc.php/v4/yH/r/w07_PlsLXIF.js (99)
[0206/132449.375:INFO:CONSOLE(157)] "Event handler of 'x-storagemutated-1' event must be added on the initial evaluation of worker script.", source: https://static.whatsapp.net/rsrc.php/v4/yA/r/S_1R0An0X6U.js (157)
[0206/132706.763:INFO:CONSOLE(157)] "Event handler of 'x-storagemutated-1' event must be added on the initial evaluation of worker script.", source: https://static.whatsapp.net/rsrc.php/v4/yA/r/S_1R0An0X6U.js (157)
[0206/132840.233:INFO:CONSOLE(1243)] "Failed to parse video contentType: video/mp4; codecs=avc1.42000a", source: https://static.whatsapp.net/rsrc.php/v4iRJX4/yq/l/rt/2YregMIo4k6.js (1243)
[0206/132840.233:INFO:CONSOLE(1243)] "Failed to parse video contentType: video/mp4; codecs=hev1.1.6.L93.B0", source: https://static.whatsapp.net/rsrc.php/v4iRJX4/yq/l/rt/2YregMIo4k6.js (1243)
[0206/132843.272:INFO:CONSOLE(157)] "Event handler of 'x-storagemutated-1' event must be added on the initial evaluation of worker script.", source: https://static.whatsapp.net/rsrc.php/v4/yA/r/S_1R0An0X6U.js (157)
[0206/133344.822:INFO:CONSOLE(157)] "Event handler of 'x-storagemutated-1' event must be added on the initial evaluation of worker script.", source: https://static.whatsapp.net/rsrc.php/v4/yA/r/S_1R0An0X6U.js (157)
[0206/135056.512:ERROR:dns_config_service.cc(273)] DNS config watch failed.
[0206/152624.153:INFO:CONSOLE(157)] "Event handler of 'x-storagemutated-1' event must be added on the initial evaluation of worker script.", source: https://static.whatsapp.net/rsrc.php/v4/yA/r/S_1R0An0X6U.js (157)
[0206/152625.280:WARNING:dns_config_service_win.cc(584)] Failed to read DnsConfig.
[0206/152625.652:WARNING:dns_config_service_win.cc(584)] Failed to read DnsConfig.
[0206/152625.810:WARNING:dns_config_service_win.cc(584)] Failed to read DnsConfig.
[0206/152632.895:WARNING:dns_config_service_win.cc(584)] Failed to read DnsConfig.
[0206/152633.438:WARNING:dns_config_service_win.cc(584)] Failed to read DnsConfig.
[0206/152635.771:WARNING:dns_config_service_win.cc(584)] Failed to read DnsConfig.
[0206/164958.310:INFO:CONSOLE(157)] "Event handler of 'x-storagemutated-1' event must be added on the initial evaluation of worker script.", source: https://static.whatsapp.net/rsrc.php/v4/yA/r/S_1R0An0X6U.js (157)
[0206/174346.973:INFO:CONSOLE(157)] "Event handler of 'x-storagemutated-1' event must be added on the initial evaluation of worker script.", source: https://static.whatsapp.net/rsrc.php/v4/yA/r/S_1R0An0X6U.js (157)
[0206/174627.288:INFO:CONSOLE(157)] "Event handler of 'x-storagemutated-1' event must be added on the initial evaluation of worker script.", source: https://static.whatsapp.net/rsrc.php/v4/yA/r/S_1R0An0X6U.js (157)
[0206/175528.757:INFO:CONSOLE(157)] "Event handler of 'x-storagemutated-1' event must be added on the initial evaluation of worker script.", source: https://static.whatsapp.net/rsrc.php/v4/yA/r/S_1R0An0X6U.js (157)
